info it worked if it ends with ok
verbose cli [ 'node', '/usr/local/bin/npm', 'install', 'crypto' ]
info using npm@1.0.6
info using node@v0.5.0-pre
verbose config file /root/.npmrc
verbose config file /usr/local/etc/npmrc
silly testEngine { name: 'application-name',
silly testEngine   version: '0.0.1',
silly testEngine   private: true,
silly testEngine   dependencies: { stylus: '>= 0.0.1', jade: '>= 0.0.1' },
silly testEngine   _id: 'application-name@0.0.1',
silly testEngine   devDependencies: {},
silly testEngine   engines: { node: '*' },
silly testEngine   _engineSupported: true,
silly testEngine   _npmVersion: '1.0.6',
silly testEngine   _nodeVersion: 'v0.5.0-pre',
silly testEngine   _defaultsLoaded: true }
verbose caching /root/node/grpwnd/tps/package.json
verbose loadDefaults application-name@0.0.1
silly testEngine { name: 'mongodb',
silly testEngine   description: 'A node.js driver for MongoDB',
silly testEngine   version: '0.9.4-5',
silly testEngine   author: 
silly testEngine    { name: 'Christian Amor Kvalheim',
silly testEngine      email: 'christkv@gmail.com' },
silly testEngine   contributors: 
silly testEngine    [ { name: 'Nathan White', email: 'nw@nwhite.net' },
silly testEngine      { name: 'Adam Wiggins', email: 'adam@heroku.com' },
silly testEngine      { name: 'Ian Millington',
silly testEngine        email: 'idmillington@googlemail.com' },
silly testEngine      { name: 'Aaron Heckmann',
silly testEngine        email: 'aaron.heckmann+github@gmail.com' },
silly testEngine      { name: 'Ciaran Jessup', email: 'ciaranj@gmail.com' },
silly testEngine      { name: 'Christoph Pojer' },
silly testEngine      { name: 'Erik Abele' },
silly testEngine      { name: 'Henrik Johansson',
silly testEngine        email: 'dahankzter@gmail.com' } ],
silly testEngine   repository: 
silly testEngine    { type: 'git',
silly testEngine      url: 'git://github.com/christkv/node-mongodb-native.git' },
silly testEngine   bugs: 
silly testEngine    { email: 'node-mongodb-native@googlegroups.com',
silly testEngine      url: 'http://github.com/christkv/node-mongodb-native/issues' },
silly testEngine   os: [ 'linux', 'darwin', 'freebsd' ],
silly testEngine   main: './lib/mongodb/index',
silly testEngine   directories: { lib: './lib/mongodb' },
silly testEngine   engines: { node: '>=0.4.0' },
silly testEngine   scripts: { install: 'bash ./install.sh' },
silly testEngine   licenses: 
silly testEngine    [ { type: 'Apache License, Version 2.0',
silly testEngine        url: 'http://www.apache.org/licenses/LICENSE-2.0' } ],
silly testEngine   _id: 'mongodb@0.9.4-5',
silly testEngine   dependencies: {},
silly testEngine   devDependencies: {},
silly testEngine   _engineSupported: true,
silly testEngine   _npmVersion: '1.0.6',
silly testEngine   _nodeVersion: 'v0.5.0-pre',
silly testEngine   _defaultsLoaded: true }
verbose caching /root/node/grpwnd/tps/node_modules/mongodb/package.json
verbose loadDefaults mongodb@0.9.4-5
verbose from cache /root/node/grpwnd/tps/package.json
verbose into /root/node/grpwnd/tps [ 'crypto' ]
verbose cache add [ 'crypto', null ]
info addNamed [ 'crypto', '' ]
verbose addNamed [ null, '' ]
verbose GET crypto
verbose raw, before any munging crypto
verbose url resolving [ 'http://registry.npmjs.org/', './crypto' ]
verbose url resolved http://registry.npmjs.org/crypto
verbose url parsed { protocol: 'http:',
verbose url parsed   slashes: true,
verbose url parsed   host: 'registry.npmjs.org',
verbose url parsed   hostname: 'registry.npmjs.org',
verbose url parsed   href: 'http://registry.npmjs.org/crypto',
verbose url parsed   pathname: '/crypto' }
verbose response http://registry.npmjs.org/crypto
silly chunk {"_id":"crypto","_rev":"3-66a444b64481c85987dd3f22c32e0630","name":"crypto","description":"JavaScript implementations of standard and secure cryptographic algorithms.","dist-tags":{"latest":"0.0.1"},"versions":{"0.0.1":{"name":"crypto","version":"0.0.1","description":"JavaScript implementations of standard and secure cryptographic algorithms.","keywords":["crypto","md5","sha1"],"author":{"name":"Irakli Gozalishvili","email":"rfobic@gmail.com"},"repository":{"type":"git","url":"git://github.com/Gozala/crypto.git","web":"https://github.com/Gozala/crypto"},"bugs":{"url":"http://github.com/Gozala/crypto/issues/"},"directories":{"doc":"./docs","lib":"./lib","test":"./test"},"devDependencies":{"test":">=0.0.10"},"engines":{"node":"0.4.x","teleport":">=0.2.0"},"scripts":{"test":"node test/test-crypto.js"},"licenses":[{"type":"MPL 1.1/LGPL 2.1/GPL 2.0","url":"http://www.mozilla.org/MPL/"}],"_id":"crypto@0.0.1","_engineSupported":true,"_npmVersion":"0.3.15","_nodeVersion":"v0.4.5","files":[""],"_defaultsLoaded":true,"dist":{"shasum":"51bc1e4891e9057ec68bd10b6b3a23f51bc9980e","tarball":"http://registry.npmjs.org/crypto/-/crypto-0.0.1.tgz"}}},"maintainers":[{"name":"gozala","email":"rfobic@gmail.com"}],"time":{"0.0.1":"2011-04-14T15:34:54.493Z"},"author":{"name":"Irakli Gozalishvili","email":"rfobic@gmail.com"},"repository":{"type":"git","url":"git://github.com/Gozala/crypto.git","web":"https://github.com/Gozala/crypto"}}
silly get cb [ 200,
silly get cb   { vary: 'Accept',
silly get cb     server: 'CouchDB/1.1.0 (Erlang OTP/R14B)',
silly get cb     etag: '"45XSRAG35UZE14VYYHJV9QYS1"',
silly get cb     date: 'Mon, 20 Jun 2011 15:42:57 GMT',
silly get cb     'content-type': 'application/json',
silly get cb     'content-length': '1434' } ]
verbose mkdir done: /root/.npm/crypto 755
verbose GET crypto/0.0.1
verbose raw, before any munging crypto/0.0.1
verbose url resolving [ 'http://registry.npmjs.org/', './crypto/0.0.1' ]
verbose url resolved http://registry.npmjs.org/crypto/0.0.1
verbose url parsed { protocol: 'http:',
verbose url parsed   slashes: true,
verbose url parsed   host: 'registry.npmjs.org',
verbose url parsed   hostname: 'registry.npmjs.org',
verbose url parsed   href: 'http://registry.npmjs.org/crypto/0.0.1',
verbose url parsed   pathname: '/crypto/0.0.1' }
verbose response http://registry.npmjs.org/crypto/0.0.1
silly chunk {"name":"crypto","version":"0.0.1","description":"JavaScript implementations of standard and secure cryptographic algorithms.","keywords":["crypto","md5","sha1"],"author":{"name":"Irakli Gozalishvili","email":"rfobic@gmail.com"},"repository":{"type":"git","url":"git://github.com/Gozala/crypto.git","web":"https://github.com/Gozala/crypto"},"bugs":{"url":"http://github.com/Gozala/crypto/issues/"},"directories":{"doc":"./docs","lib":"./lib","test":"./test"},"devDependencies":{"test":">=0.0.10"},"engines":{"node":"0.4.x","teleport":">=0.2.0"},"scripts":{"test":"node test/test-crypto.js"},"licenses":[{"type":"MPL 1.1/LGPL 2.1/GPL 2.0","url":"http://www.mozilla.org/MPL/"}],"_id":"crypto@0.0.1","_engineSupported":true,"_npmVersion":"0.3.15","_nodeVersion":"v0.4.5","files":[""],"_defaultsLoaded":true,"dist":{"shasum":"51bc1e4891e9057ec68bd10b6b3a23f51bc9980e","tarball":"http://registry.npmjs.org/crypto/-/crypto-0.0.1.tgz"}}
silly get cb [ 200,
silly get cb   { vary: 'Accept',
silly get cb     server: 'CouchDB/1.1.0 (Erlang OTP/R14B)',
silly get cb     etag: '"45XSRAG35UZE14VYYHJV9QYS1"',
silly get cb     date: 'Mon, 20 Jun 2011 15:42:57 GMT',
silly get cb     'content-type': 'application/json',
silly get cb     'content-length': '929' } ]
verbose mkdir done: /root/.npm/crypto/0.0.1 755
verbose bin dist [ null,
verbose bin dist   { shasum: '51bc1e4891e9057ec68bd10b6b3a23f51bc9980e',
verbose bin dist     tarball: 'http://registry.npmjs.org/crypto/-/crypto-0.0.1.tgz' } ]
verbose addRemoteTarball [ 'http://registry.npmjs.org/crypto/-/crypto-0.0.1.tgz',
verbose addRemoteTarball   '51bc1e4891e9057ec68bd10b6b3a23f51bc9980e' ]
verbose mkdir done: /tmp/npm-1308584577557/1308584577558-0.1780234577599913 755
info fetch http://registry.npmjs.org/crypto/-/crypto-0.0.1.tgz
verbose fetch to /tmp/npm-1308584577557/1308584577558-0.1780234577599913/tmp.tgz
silly updated sha bytes 5769
info shasum 51bc1e4891e9057ec68bd10b6b3a23f51bc9980e
info shasum /tmp/npm-1308584577557/1308584577558-0.1780234577599913/tmp.tgz
verbose mkdir done: /tmp/npm-1308584577557/1308584577558-0.1780234577599913/contents/___package.npm 755
verbose unpack_ uid, gid [ 0, 0 ]
verbose unpackTarget /tmp/npm-1308584577557/1308584577558-0.1780234577599913/contents/package
silly gunzTarPerm modes [ '755', '644' ]
verbose success gzip "--decompress" "--stdout" "/tmp/npm-1308584577557/1308584577558-0.1780234577599913/tmp.tgz"
verbose success tar "-mvxpf" "-" "--no-same-owner" "-C" "/tmp/npm-1308584577557/1308584577558-0.1780234577599913/contents/___package.npm"
silly asyncMap in gTP /tmp/npm-1308584577557/1308584577558-0.1780234577599913/contents/___package.npm/package/
silly asyncMap in gTP /tmp/npm-1308584577557/1308584577558-0.1780234577599913/contents/___package.npm/package/Readme.md
silly asyncMap in gTP /tmp/npm-1308584577557/1308584577558-0.1780234577599913/contents/___package.npm/package/package.json
silly asyncMap in gTP /tmp/npm-1308584577557/1308584577558-0.1780234577599913/contents/___package.npm/package/sha1.js
silly asyncMap in gTP /tmp/npm-1308584577557/1308584577558-0.1780234577599913/contents/___package.npm/package/History.md
silly asyncMap in gTP /tmp/npm-1308584577557/1308584577558-0.1780234577599913/contents/___package.npm/package/md5.js
silly asyncMap in gTP /tmp/npm-1308584577557/1308584577558-0.1780234577599913/contents/___package.npm/package/lib/
silly asyncMap in gTP /tmp/npm-1308584577557/1308584577558-0.1780234577599913/contents/___package.npm/package/lib/sha1.js
silly asyncMap in gTP /tmp/npm-1308584577557/1308584577558-0.1780234577599913/contents/___package.npm/package/lib/md5.js
silly asyncMap in gTP /tmp/npm-1308584577557/1308584577558-0.1780234577599913/contents/___package.npm/package/test/
silly asyncMap in gTP /tmp/npm-1308584577557/1308584577558-0.1780234577599913/contents/___package.npm/package/test/test-crypto.js
verbose gunzed /tmp/npm-1308584577557/1308584577558-0.1780234577599913/contents/___package.npm/package
verbose rm'ed /tmp/npm-1308584577557/1308584577558-0.1780234577599913/contents/package
verbose renamed [ '/tmp/npm-1308584577557/1308584577558-0.1780234577599913/contents/___package.npm/package',
verbose renamed   '/tmp/npm-1308584577557/1308584577558-0.1780234577599913/contents/package' ]
silly testEngine { name: 'crypto',
silly testEngine   version: '0.0.1',
silly testEngine   description: 'JavaScript implementations of standard and secure cryptographic algorithms.',
silly testEngine   keywords: [ 'crypto', 'md5', 'sha1' ],
silly testEngine   author: 
silly testEngine    { name: 'Irakli Gozalishvili',
silly testEngine      email: 'rfobic@gmail.com' },
silly testEngine   repository: 
silly testEngine    { type: 'git',
silly testEngine      url: 'git://github.com/Gozala/crypto.git',
silly testEngine      web: 'https://github.com/Gozala/crypto' },
silly testEngine   bugs: { url: 'http://github.com/Gozala/crypto/issues/' },
silly testEngine   directories: { doc: './docs', lib: './lib', test: './test' },
silly testEngine   devDependencies: { test: '>=0.0.10' },
silly testEngine   engines: { node: '0.4.x', teleport: '>=0.2.0' },
silly testEngine   scripts: { test: 'node test/test-crypto.js' },
silly testEngine   licenses: 
silly testEngine    [ { type: 'MPL 1.1/LGPL 2.1/GPL 2.0',
silly testEngine        url: 'http://www.mozilla.org/MPL/' } ],
silly testEngine   _id: 'crypto@0.0.1',
silly testEngine   dependencies: {},
silly testEngine   _engineSupported: false,
silly testEngine   _npmVersion: '1.0.6',
silly testEngine   _nodeVersion: 'v0.5.0-pre',
silly testEngine   _defaultsLoaded: true,
silly testEngine   path: '/tmp/npm-1308584577557/1308584577558-0.1780234577599913/contents/package' }
verbose caching /tmp/npm-1308584577557/1308584577558-0.1780234577599913/contents/package/package.json
verbose loadDefaults crypto@0.0.1
verbose tarball contents [ 'package' ]
verbose from cache /tmp/npm-1308584577557/1308584577558-0.1780234577599913/contents/package/package.json
verbose pack /tmp/npm-1308584577557/1308584577558-0.1780234577599913/contents/package /root/.npm/crypto/0.0.1/package.tgz
verbose mkdir'ed /root/.npm/crypto/0.0.1
verbose tar about to write tar and gzip it.
silly tar args [ '-cvf',
silly tar args   '-',
silly tar args   'package/Readme.md',
silly tar args   'package/package.json',
silly tar args   'package/sha1.js',
silly tar args   'package/History.md',
silly tar args   'package/md5.js',
silly tar args   'package/lib/sha1.js',
silly tar args   'package/lib/md5.js',
silly tar args   'package/test/test-crypto.js' ]
verbose success tar -cvf - <file list elided>
verbose success gzip "--stdout"
verbose mkdir done: /root/.npm/crypto/0.0.1/___package.npm 755
verbose unpack_ uid, gid [ 0, 0 ]
verbose unpackTarget /root/.npm/crypto/0.0.1/package
silly gunzTarPerm modes [ '755', '644' ]
verbose success gzip "--decompress" "--stdout" "/root/.npm/crypto/0.0.1/package.tgz"
verbose success tar "-mvxpf" "-" "--no-same-owner" "-C" "/root/.npm/crypto/0.0.1/___package.npm"
silly asyncMap in gTP /root/.npm/crypto/0.0.1/___package.npm/package/
silly asyncMap in gTP /root/.npm/crypto/0.0.1/___package.npm/package/Readme.md
silly asyncMap in gTP /root/.npm/crypto/0.0.1/___package.npm/package/package.json
silly asyncMap in gTP /root/.npm/crypto/0.0.1/___package.npm/package/sha1.js
silly asyncMap in gTP /root/.npm/crypto/0.0.1/___package.npm/package/History.md
silly asyncMap in gTP /root/.npm/crypto/0.0.1/___package.npm/package/md5.js
silly asyncMap in gTP /root/.npm/crypto/0.0.1/___package.npm/package/lib/
silly asyncMap in gTP /root/.npm/crypto/0.0.1/___package.npm/package/lib/sha1.js
silly asyncMap in gTP /root/.npm/crypto/0.0.1/___package.npm/package/lib/md5.js
silly asyncMap in gTP /root/.npm/crypto/0.0.1/___package.npm/package/test/
silly asyncMap in gTP /root/.npm/crypto/0.0.1/___package.npm/package/test/test-crypto.js
verbose gunzed /root/.npm/crypto/0.0.1/___package.npm/package
verbose rm'ed /root/.npm/crypto/0.0.1/package
verbose renamed [ '/root/.npm/crypto/0.0.1/___package.npm/package',
verbose renamed   '/root/.npm/crypto/0.0.1/package' ]
silly testEngine { name: 'crypto',
silly testEngine   version: '0.0.1',
silly testEngine   description: 'JavaScript implementations of standard and secure cryptographic algorithms.',
silly testEngine   keywords: [ 'crypto', 'md5', 'sha1' ],
silly testEngine   author: 
silly testEngine    { name: 'Irakli Gozalishvili',
silly testEngine      email: 'rfobic@gmail.com' },
silly testEngine   repository: 
silly testEngine    { type: 'git',
silly testEngine      url: 'git://github.com/Gozala/crypto.git',
silly testEngine      web: 'https://github.com/Gozala/crypto' },
silly testEngine   bugs: { url: 'http://github.com/Gozala/crypto/issues/' },
silly testEngine   directories: { doc: './docs', lib: './lib', test: './test' },
silly testEngine   devDependencies: { test: '>=0.0.10' },
silly testEngine   engines: { node: '0.4.x', teleport: '>=0.2.0' },
silly testEngine   scripts: { test: 'node test/test-crypto.js' },
silly testEngine   licenses: 
silly testEngine    [ { type: 'MPL 1.1/LGPL 2.1/GPL 2.0',
silly testEngine        url: 'http://www.mozilla.org/MPL/' } ],
silly testEngine   _id: 'crypto@0.0.1',
silly testEngine   dependencies: {},
silly testEngine   _engineSupported: false,
silly testEngine   _npmVersion: '1.0.6',
silly testEngine   _nodeVersion: 'v0.5.0-pre',
silly testEngine   _defaultsLoaded: true,
silly testEngine   dist: { shasum: 'f4a0ea0c3715d5e3ead220ac84a9179407705050' } }
verbose caching /root/.npm/crypto/0.0.1/package/package.json
verbose loadDefaults crypto@0.0.1
silly updated sha bytes 5686
info shasum f4a0ea0c3715d5e3ead220ac84a9179407705050
info shasum /root/.npm/crypto/0.0.1/package.tgz
verbose from cache /root/.npm/crypto/0.0.1/package/package.json
verbose chmod /root/.npm/crypto/0.0.1/package.json 644
verbose chmod /root/.npm/crypto/0.0.1/package.tgz 644
silly resolved [ { name: 'crypto',
silly resolved     version: '0.0.1',
silly resolved     description: 'JavaScript implementations of standard and secure cryptographic algorithms.',
silly resolved     keywords: [ 'crypto', 'md5', 'sha1' ],
silly resolved     author: 
silly resolved      { name: 'Irakli Gozalishvili',
silly resolved        email: 'rfobic@gmail.com' },
silly resolved     repository: 
silly resolved      { type: 'git',
silly resolved        url: 'git://github.com/Gozala/crypto.git',
silly resolved        web: 'https://github.com/Gozala/crypto' },
silly resolved     bugs: { url: 'http://github.com/Gozala/crypto/issues/' },
silly resolved     directories: { doc: './docs', lib: './lib', test: './test' },
silly resolved     devDependencies: { test: '>=0.0.10' },
silly resolved     engines: { node: '0.4.x', teleport: '>=0.2.0' },
silly resolved     scripts: { test: 'node test/test-crypto.js' },
silly resolved     licenses: 
silly resolved      [ { type: 'MPL 1.1/LGPL 2.1/GPL 2.0',
silly resolved          url: 'http://www.mozilla.org/MPL/' } ],
silly resolved     _id: 'crypto@0.0.1',
silly resolved     dependencies: {},
silly resolved     _engineSupported: false,
silly resolved     _npmVersion: '1.0.6',
silly resolved     _nodeVersion: 'v0.5.0-pre',
silly resolved     _defaultsLoaded: true,
silly resolved     dist: { shasum: 'f4a0ea0c3715d5e3ead220ac84a9179407705050' } } ]
info into /root/node/grpwnd/tps crypto@0.0.1
info installOne crypto@0.0.1
verbose installOne cb crypto@0.0.1
ERR! Unsupported
ERR! Not compatible with your version of node/npm: crypto@0.0.1
ERR! Required: {"node":"0.4.x","teleport":">=0.2.0"}
ERR! Actual:   {"npm":"1.0.6","node":"v0.5.0-pre"}
ERR! 
ERR! System Linux 2.6.16-xenU
ERR! command "node" "/usr/local/bin/npm" "install" "crypto"
verbose exit [ 1, true ]
